<?xml version="1.0" encoding="UTF-8"?>
<!-- Generated by org.testng.reporters.JUnitReportReporter -->
<testsuite skipped="0" hostname="shivam.agarwal" name="Test.TestTatoc" tests="5" failures="0" timestamp="04 Mar 2019 12:30:36 GMT" time="5.368" errors="0">
  <testcase name="Grid" time="0.477" classname="Test.TestTatoc"/>
  <testcase name="Frame" time="1.983" classname="Test.TestTatoc"/>
  <testcase name="DragDrop" time="0.624" classname="Test.TestTatoc"/>
  <testcase name="WindowPopup" time="1.501" classname="Test.TestTatoc"/>
  <testcase name="CookieHandling" time="0.783" classname="Test.TestTatoc"/>
</testsuite> <!-- Test.TestTatoc -->
