<?xml version="1.0" encoding="UTF-8"?>
<!-- Generated by org.testng.reporters.JUnitReportReporter -->
<testsuite skipped="0" hostname="ASDA1713PO02529" name="Test.TestTatoc" tests="5" failures="0" timestamp="05 Mar 2019 12:22:50 GMT" time="3.346" errors="0">
  <testcase name="Grid" time="0.268" classname="Test.TestTatoc"/>
  <testcase name="Frame" time="1.249" classname="Test.TestTatoc"/>
  <testcase name="DragDrop" time="0.383" classname="Test.TestTatoc"/>
  <testcase name="WindowPopup" time="0.921" classname="Test.TestTatoc"/>
  <testcase name="CookieHandling" time="0.525" classname="Test.TestTatoc"/>
</testsuite> <!-- Test.TestTatoc -->
