<?xml version="1.0" encoding="UTF-8"?>
<!-- Generated by org.testng.reporters.JUnitReportReporter -->
<testsuite skipped="0" hostname="ASDA1713PO02529" name="JavaScript.Test.TestTatoc" tests="5" failures="0" timestamp="05 Mar 2019 14:01:59 GMT" time="4.068" errors="0">
  <testcase name="Grid" time="0.196" classname="JavaScript.Test.TestTatoc"/>
  <testcase name="Frame" time="2.893" classname="JavaScript.Test.TestTatoc"/>
  <testcase name="DragDrop" time="0.266" classname="JavaScript.Test.TestTatoc"/>
  <testcase name="WindowPopup" time="0.470" classname="JavaScript.Test.TestTatoc"/>
  <testcase name="CookieHandling" time="0.243" classname="JavaScript.Test.TestTatoc"/>
</testsuite> <!-- JavaScript.Test.TestTatoc -->
